<?xml version="1.0" encoding="UTF-8"?>
<!-- Generated by org.testng.reporters.JUnitReportReporter -->
<testsuite hostname="DESKTOP-VM1LFPQ" failures="0" tests="1" name="TestHelloMaven" time="6.871" errors="0" timestamp="2022-07-15T19:25:26 AEST" skipped="0">
  <testcase classname="TestHelloMaven" name="testHelloMaven" time="6.871"/>
  <system-out/>
</testsuite> <!-- TestHelloMaven -->
