<?xml version="1.0" encoding="UTF-8"?>
<!-- Generated by org.testng.reporters.JUnitReportReporter -->
<testsuite hostname="DESKTOP-VM1LFPQ" failures="0" tests="1" name="TestHelloMaven" time="9.574" errors="0" timestamp="2022-07-06T22:54:29 AEST" skipped="0">
  <testcase classname="TestHelloMaven" name="testHelloMaven" time="9.574"/>
  <system-out/>
</testsuite> <!-- TestHelloMaven -->
