<?xml version="1.0" encoding="UTF-8"?>
<!-- Generated by org.testng.reporters.JUnitReportReporter -->
<testsuite hostname="DESKTOP-VM1LFPQ" failures="0" tests="1" name="TestHelloMaven" time="5.467" errors="0" timestamp="2022-06-27T18:46:31 AEST" skipped="0">
  <testcase classname="TestHelloMaven" name="testHelloMaven" time="5.467"/>
  <system-out/>
</testsuite> <!-- TestHelloMaven -->
