<?xml version="1.0" encoding="UTF-8"?>
<!-- Generated by org.testng.reporters.JUnitReportReporter -->
<testsuite hostname="DESKTOP-VM1LFPQ" failures="0" tests="1" name="TestHelloMaven" time="11.410" errors="0" timestamp="2022-07-12T12:31:18 AEST" skipped="0">
  <testcase classname="TestHelloMaven" name="testHelloMaven" time="11.410"/>
  <system-out/>
</testsuite> <!-- TestHelloMaven -->
