<?xml version="1.0" encoding="UTF-8"?>
<!-- Generated by org.testng.reporters.JUnitReportReporter -->
<testsuite hostname="DESKTOP-VM1LFPQ" failures="0" tests="1" name="TestHelloMaven" time="11.537" errors="0" timestamp="2022-07-10T19:00:04 AEST" skipped="0">
  <testcase classname="TestHelloMaven" name="testHelloMaven" time="11.537"/>
  <system-out/>
</testsuite> <!-- TestHelloMaven -->
